Doing migration for task update:
from: quay.io/mytestworkload/test-renovate-updates-task-clone:0.1@sha256:5c37db771ac8bcd75dbff9b8922e2e57d534030770ca88cdfed822694ea30931
to: quay.io/mytestworkload/test-renovate-updates-task-clone:0.1@sha256:059e0bac3ed0877132c31ec201e023eb1e89b49ee1337c2392531e5d59e77809
inspect image: quay.io/mytestworkload/test-renovate-updates-task-clone:0.1@sha256:059e0bac3ed0877132c31ec201e023eb1e89b49ee1337c2392531e5d59e77809
changes from pipeline quay.io/mytestworkload/test-renovate-updates-pipeline:0fc065ef0331503da52edd106b394547bd8b62f1 to pipelinequay.io/mytestworkload/test-renovate-updates-pipeline:6031b2372cbf899ae8dd83021684425ab84dd5f2:

spec.tasks
  + one list entry added:
    - name: test
      params:
      - name: test_runner
        value: pytest
      taskRef:
        params:
        - name: name
          value: test
        - name: bundle
          value: "quay.io/mytestworkload/test-renovate-updates-task-test:0.1@sha256:a45c49a148149e9d648be9c4c7e8a514b22b2338ddfda0868294311f57907503"
        - name: kind
          value: task
        resolver: bundles
    
  

spec.tasks.clone
  + one map entry added:
    params:
    - name: url
      value: "https://github.com/cqi-stonesoup-test/test-renovate-updates.git"
    - name: revision
      value: develop
    
  


Doing migration for task update:
from: quay.io/mytestworkload/test-renovate-updates-task-clone:0.1@sha256:5c37db771ac8bcd75dbff9b8922e2e57d534030770ca88cdfed822694ea30931
to: quay.io/mytestworkload/test-renovate-updates-task-clone:0.1@sha256:059e0bac3ed0877132c31ec201e023eb1e89b49ee1337c2392531e5d59e77809
inspect image: quay.io/mytestworkload/test-renovate-updates-task-clone:0.1@sha256:059e0bac3ed0877132c31ec201e023eb1e89b49ee1337c2392531e5d59e77809
changes from pipeline quay.io/mytestworkload/test-renovate-updates-pipeline:0fc065ef0331503da52edd106b394547bd8b62f1 to pipelinequay.io/mytestworkload/test-renovate-updates-pipeline:6031b2372cbf899ae8dd83021684425ab84dd5f2:

spec.tasks
  + one list entry added:
    - name: test
      params:
      - name: test_runner
        value: pytest
      taskRef:
        params:
        - name: name
          value: test
        - name: bundle
          value: "quay.io/mytestworkload/test-renovate-updates-task-test:0.1@sha256:a45c49a148149e9d648be9c4c7e8a514b22b2338ddfda0868294311f57907503"
        - name: kind
          value: task
        resolver: bundles
    
  

spec.tasks.clone
  + one map entry added:
    params:
    - name: url
      value: "https://github.com/cqi-stonesoup-test/test-renovate-updates.git"
    - name: revision
      value: develop
    
  


Doing migration for task update:
from: quay.io/mytestworkload/test-renovate-updates-task-init:0.1@sha256:ee3b81104f7c3d5453bab13d3255fe0bc102b6421aea1c5fea5fec0a4b8a9e9e
to: quay.io/mytestworkload/test-renovate-updates-task-init:0.1@sha256:cf8c650772bbafbc6d1ad1c85741a95925132737bff09bd49e68172e7376df08
inspect image: quay.io/mytestworkload/test-renovate-updates-task-init:0.1@sha256:cf8c650772bbafbc6d1ad1c85741a95925132737bff09bd49e68172e7376df08
changes from pipeline quay.io/mytestworkload/test-renovate-updates-pipeline:245189c646a9d16cb19e8cde8d0e4acc928ad404 to pipelinequay.io/mytestworkload/test-renovate-updates-pipeline:d1ceb2251ece42c4fbe593bdec45bdaad04be7c3:

spec.tasks.test
  + one map entry added:
    params:
    - name: test_runner
      value: pytest
    
  


Doing migration for task update:
from: quay.io/mytestworkload/test-renovate-updates-task-test:0.1@sha256:a45c49a148149e9d648be9c4c7e8a514b22b2338ddfda0868294311f57907503
to: quay.io/mytestworkload/test-renovate-updates-task-test:0.1@sha256:5338e15072035d6c24c4808d5df572805b93dbc80ec8f9da4f2a43e349ef5732
inspect image: quay.io/mytestworkload/test-renovate-updates-task-test:0.1@sha256:5338e15072035d6c24c4808d5df572805b93dbc80ec8f9da4f2a43e349ef5732
changes from pipeline quay.io/mytestworkload/test-renovate-updates-pipeline:245189c646a9d16cb19e8cde8d0e4acc928ad404 to pipelinequay.io/mytestworkload/test-renovate-updates-pipeline:da3acef9edbde01caf04059c0be2e411e70b46c1:

spec.tasks.clone.params
  + one list entry added:
    - name: url
      value: "https://github.com/cqi-stonesoup-test/test-renovate-updates.git"
    
  


Doing migration for task update:
from: quay.io/mytestworkload/test-renovate-updates-task-clone:0.1@sha256:059e0bac3ed0877132c31ec201e023eb1e89b49ee1337c2392531e5d59e77809
to: quay.io/mytestworkload/test-renovate-updates-task-clone:0.1@sha256:b4cdb3ea6b1923fa97aa2bff1f5a974910c7c1b7718bb6853e2e78e72811cb1f
inspect image: quay.io/mytestworkload/test-renovate-updates-task-clone:0.1@sha256:b4cdb3ea6b1923fa97aa2bff1f5a974910c7c1b7718bb6853e2e78e72811cb1f
Doing migration for task update:
from: quay.io/mytestworkload/test-renovate-updates-task-clone:0.1@sha256:059e0bac3ed0877132c31ec201e023eb1e89b49ee1337c2392531e5d59e77809
to: quay.io/mytestworkload/test-renovate-updates-task-clone:0.1@sha256:b4cdb3ea6b1923fa97aa2bff1f5a974910c7c1b7718bb6853e2e78e72811cb1f
inspect image: quay.io/mytestworkload/test-renovate-updates-task-clone:0.1@sha256:b4cdb3ea6b1923fa97aa2bff1f5a974910c7c1b7718bb6853e2e78e72811cb1f
Doing migration for task update:
from: quay.io/mytestworkload/test-renovate-updates-task-test:0.1@sha256:a45c49a148149e9d648be9c4c7e8a514b22b2338ddfda0868294311f57907503
to: quay.io/mytestworkload/test-renovate-updates-task-test:0.1@sha256:5338e15072035d6c24c4808d5df572805b93dbc80ec8f9da4f2a43e349ef5732
inspect image: quay.io/mytestworkload/test-renovate-updates-task-test:0.1@sha256:5338e15072035d6c24c4808d5df572805b93dbc80ec8f9da4f2a43e349ef5732
Doing migration for task update:
from: quay.io/mytestworkload/test-renovate-updates-task-test:0.1@sha256:a45c49a148149e9d648be9c4c7e8a514b22b2338ddfda0868294311f57907503
to: quay.io/mytestworkload/test-renovate-updates-task-test:0.1@sha256:5338e15072035d6c24c4808d5df572805b93dbc80ec8f9da4f2a43e349ef5732
inspect image: quay.io/mytestworkload/test-renovate-updates-task-test:0.1@sha256:5338e15072035d6c24c4808d5df572805b93dbc80ec8f9da4f2a43e349ef5732
Doing migration for task update:
from: quay.io/mytestworkload/test-renovate-updates-task-init:0.1@sha256:cf8c650772bbafbc6d1ad1c85741a95925132737bff09bd49e68172e7376df08
to: quay.io/mytestworkload/test-renovate-updates-task-init:0.1@sha256:8d16411d4400962641d11a6b1619380dc283a787ef563ebe7b0de8e5384cdc1d
inspect image: quay.io/mytestworkload/test-renovate-updates-task-init:0.1@sha256:8d16411d4400962641d11a6b1619380dc283a787ef563ebe7b0de8e5384cdc1d
